<?xml version="1.0" encoding="UTF-8"?>
<!-- Generated by org.testng.reporters.JUnitReportReporter -->
<testsuite hostname="LAPTOP-C2IN588P" failures="0" tests="2" name="com.example.test.SampleTest" time="0.013" errors="0" timestamp="2025-02-17T20:05:25 IST" skipped="0">
  <testcase classname="com.example.test.SampleTest" name="testOne" time="0.009"/>
  <testcase classname="com.example.test.SampleTest" name="testTwo" time="0.004"/>
</testsuite> <!-- com.example.test.SampleTest -->
