<?xml version="1.0" encoding="UTF-8"?>
<!-- Generated by org.testng.reporters.JUnitReportReporter -->
<testsuite hostname="LAPTOP-C2IN588P" failures="0" tests="2" name="com.example.test.SampleTest2" time="0.004" errors="0" timestamp="2025-02-13T20:08:18 IST" skipped="0">
  <testcase classname="com.example.test.SampleTest2" name="testTwo" time="0.002"/>
  <testcase classname="com.example.test.SampleTest2" name="testOne" time="0.002"/>
</testsuite> <!-- com.example.test.SampleTest2 -->
