<?xml version="1.0" encoding="UTF-8"?>
<!-- Generated by org.testng.reporters.JUnitReportReporter -->
<testsuite hostname="LAPTOP-C2IN588P" failures="0" tests="3" name="com.example.test.day5" time="0.015" errors="0" timestamp="2025-02-20T20:07:18 IST" skipped="0">
  <testcase classname="com.example.test.day5" name="testE" time="0.011"/>
  <testcase classname="com.example.test.day5" name="testC" time="0.003"/>
  <testcase classname="com.example.test.day5" name="testD" time="0.001"/>
</testsuite> <!-- com.example.test.day5 -->
