<?xml version="1.0" encoding="UTF-8"?>
<!-- Generated by org.testng.reporters.JUnitReportReporter -->
<testsuite hostname="LAPTOP-C2IN588P" failures="0" tests="3" name="com.example.test.day4B" time="0.017" errors="0" timestamp="2025-02-18T20:26:39 IST" skipped="0">
  <testcase classname="com.example.test.day4B" name="TestCaseC" time="0.007"/>
  <testcase classname="com.example.test.day4B" name="TestCaseB" time="0.008"/>
  <testcase classname="com.example.test.day4B" name="TestCaseA" time="0.002"/>
</testsuite> <!-- com.example.test.day4B -->
