<?xml version="1.0" encoding="UTF-8"?>
<!-- Generated by org.testng.reporters.JUnitReportReporter -->
<testsuite hostname="LAPTOP-C2IN588P" failures="0" tests="2" name="com.example.test.TestNGAnnotationsExample" time="0.008" errors="0" timestamp="2025-02-13T20:19:24 IST" skipped="0">
  <testcase classname="com.example.test.TestNGAnnotationsExample" name="testOne" time="0.005"/>
  <testcase classname="com.example.test.TestNGAnnotationsExample" name="testTwo" time="0.003"/>
</testsuite> <!-- com.example.test.TestNGAnnotationsExample -->
