<?xml version="1.0" encoding="UTF-8"?>
<!-- Generated by org.testng.reporters.JUnitReportReporter -->
<testsuite hostname="LAPTOP-C2IN588P" failures="0" tests="4" name="com.example.test.day9" time="0.021" errors="0" timestamp="2025-02-22T10:23:56 IST" skipped="0">
  <testcase classname="com.example.test.day9" name="loginTest" time="0.003"/>
  <testcase classname="com.example.test.day9" name="loginTest" time="0.008"/>
  <testcase classname="com.example.test.day9" name="loginTest" time="0.003"/>
  <testcase classname="com.example.test.day9" name="loginTest" time="0.007"/>
</testsuite> <!-- com.example.test.day9 -->
