<?xml version="1.0" encoding="UTF-8"?>
<!-- Generated by org.testng.reporters.JUnitReportReporter -->
<testsuite hostname="LAPTOP-C2IN588P" failures="0" tests="3" name="com.example.test.day3" time="0.015" errors="0" timestamp="2025-02-18T20:21:10 IST" skipped="0">
  <testcase classname="com.example.test.day3" name="testThree" time="0.003"/>
  <testcase classname="com.example.test.day3" name="testTwo" time="0.001"/>
  <testcase classname="com.example.test.day3" name="testOne" time="0.011"/>
</testsuite> <!-- com.example.test.day3 -->
